sun.tools.java.AmbiguousClass
sun.tools.java.AmbiguousField
sun.tools.java.ArrayType
sun.tools.java.BinaryAttribute
sun.tools.java.BinaryClass
sun.tools.java.BinaryCode
sun.tools.java.BinaryConstantPool
sun.tools.java.BinaryExceptionHandler
sun.tools.java.BinaryField
sun.tools.java.ClassDeclaration
sun.tools.java.ClassDefinition
sun.tools.java.ClassFile
sun.tools.java.ClassNotFound
sun.tools.java.ClassPath
sun.tools.java.ClassPathEntry
sun.tools.java.ClassType
sun.tools.java.CompilerError
intersecting <java.lang.Throwable-java.lang.Throwable> and <sun.tools.java.CompilerError-sun.tools.java.CompilerError> to <sun.tools.java.CompilerError-java.lang.Throwable> to <error>
intersecting <sun.tools.java.CompilerError-sun.tools.java.CompilerError> and <error> to <error>
Type error in this
intersecting <error> and <java.lang.Throwable-null> to <error>
Type error in this
intersecting <error> and <sun.tools.java.CompilerError-null> to <error>
Type error in this
sun.tools.java.Constants
sun.tools.java.Environment
sun.tools.java.FieldDefinition
intersecting int and <java.lang.Object-null> to <error>
Type error in local_3__1295
intersecting <sun.tools.tree.Node-sun.tools.tree.Node> and <sun.tools.tree.Statement-sun.tools.tree.Statement> to <sun.tools.tree.Statement-sun.tools.tree.Node> to <error>
sun.tools.java.Identifier
intersecting <java.lang.Object-java.lang.Object> and <sun.tools.java.Identifier-sun.tools.java.Identifier> to <sun.tools.java.Identifier-java.lang.Object> to <error>
sun.tools.java.IdentifierToken
sun.tools.java.ImportEnvironment
sun.tools.java.Imports
sun.tools.java.MethodType
sun.tools.java.Package
sun.tools.java.Parser
intersecting <sun.tools.tree.Statement-sun.tools.tree.Statement> and <sun.tools.tree.VarDeclarationStatement-sun.tools.tree.VarDeclarationStatement> to <sun.tools.tree.VarDeclarationStatement-sun.tools.tree.Statement> to <error>
Error: sun.tools.tree.Statement,sun.tools.tree.VarDeclarationStatement
intersecting <sun.tools.tree.Statement-sun.tools.tree.Statement> and <sun.tools.tree.VarDeclarationStatement-sun.tools.tree.VarDeclarationStatement> to <sun.tools.tree.VarDeclarationStatement-sun.tools.tree.Statement> to <error>
intersecting int and <java.lang.Object-null> to <error>
Type error in local_13__2149
intersecting <sun.tools.java.Scanner-sun.tools.java.Scanner> and <sun.tools.java.Parser-sun.tools.java.Parser> to <sun.tools.java.Parser-sun.tools.java.Scanner> to <error>
intersecting <sun.tools.java.Parser-sun.tools.java.Parser> and <error> to <error>
Type error in this
intersecting <error> and <sun.tools.java.Parser-null> to <error>
Type error in this
intersecting <error> and <sun.tools.java.Parser-null> to <error>
Type error in this
intersecting <error> and <sun.tools.java.Parser-null> to <error>
Type error in this
intersecting <error> and <sun.tools.java.Scanner-null> to <error>
Type error in this
intersecting <error> and <sun.tools.java.Parser-null> to <error>
Type error in this
intersecting <error> and <sun.tools.java.Scanner-null> to <error>
Type error in this
intersecting <error> and <sun.tools.java.Scanner-null> to <error>
Type error in this
intersecting <sun.tools.java.Scanner-sun.tools.java.Scanner> and <sun.tools.java.Parser-sun.tools.java.Parser> to <sun.tools.java.Parser-sun.tools.java.Scanner> to <error>
intersecting <sun.tools.java.Parser-sun.tools.java.Parser> and <error> to <error>
Type error in this
intersecting <error> and <sun.tools.java.Parser-null> to <error>
Type error in this
intersecting <error> and <sun.tools.java.Parser-null> to <error>
Type error in this
intersecting <error> and <sun.tools.java.Scanner-null> to <error>
Type error in this
intersecting <error> and <sun.tools.java.Parser-null> to <error>
Type error in this
intersecting <error> and <sun.tools.java.Scanner-null> to <error>
Type error in this
intersecting <error> and <sun.tools.java.Scanner-null> to <error>
Type error in this
sun.tools.java.ParserActions
sun.tools.java.RuntimeConstants
sun.tools.java.Scanner
sun.tools.java.ScannerInputStream
sun.tools.java.SyntaxError
sun.tools.java.Type
